#
# A fatal error has been detected by the Java Runtime Environment:
#
#  EXCEPTION_ACCESS_VIOLATION (0xc0000005) at pc=0x00000000598cd9f3, pid=6452, tid=6412
#
# JRE version: Java(TM) SE Runtime Environment (8.0_20-b26) (build 1.8.0_20-b26)
# Java VM: Java HotSpot(TM) 64-Bit Server VM (25.20-b23 mixed mode windows-amd64 compressed oops)
# Problematic frame:
# V  [jvm.dll+0x14d9f3]
#
# Failed to write core dump. Minidumps are not enabled by default on client versions of Windows
#
# If you would like to submit a bug report, please visit:
#   http://bugreport.sun.com/bugreport/crash.jsp
#

---------------  T H R E A D  ---------------

Current thread (0x000000001d928000):  JavaThread "AWT-Windows" daemon [_thread_in_vm, id=6412, stack(0x000000001fc40000,0x000000001fd40000)]

siginfo: ExceptionCode=0xc0000005, reading address 0x0000000000000000

Registers:
RAX=0x0000000000000000, RBX=0x000000001d928000, RCX=0x00000006c042ddd8, RDX=0x0000000000000000
RSP=0x000000001fd3ec50, RBP=0x00000000211f5c30, RSI=0x0000000001d86858, RDI=0x0000000000000000
R8 =0x000000001d928000, R9 =0x0000000000000000, R10=0x0000000059eeaaa0, R11=0x000000076b216e10
R12=0x0000000000000001, R13=0x0000000000000000, R14=0x000000001d9281e8, R15=0x0000000000000000
RIP=0x00000000598cd9f3, EFLAGS=0x0000000000010246

Top of Stack: (sp=0x000000001fd3ec50)
0x000000001fd3ec50:   000000001d9281e8 00000000598b03bd
0x000000001fd3ec60:   0000000000000002 000000001d928000
0x000000001fd3ec70:   000000001d928000 0000000000000000
0x000000001fd3ec80:   000000001d928000 0000000000000000
0x000000001fd3ec90:   000000001f4a4670 0000000000000000
0x000000001fd3eca0:   0000000000000001 000000005b6f1d88
0x000000001fd3ecb0:   000000001d9281e8 000000001d9281e8
0x000000001fd3ecc0:   0000000001d86858 0000000000000001
0x000000001fd3ecd0:   00000000211f5bd0 0000000000000008
0x000000001fd3ece0:   00000000211f5c20 0000000000000001
0x000000001fd3ecf0:   000000001d9281e8 0000000000000001
0x000000001fd3ed00:   00000000211f5bd0 00000000211f5bd0
0x000000001fd3ed10:   00000000211f5c20 0000000000000000
0x000000001fd3ed20:   0000000000000000 0000000000000000
0x000000001fd3ed30:   0000000000000000 0000000000000001
0x000000001fd3ed40:   000000001f4a4660 0000000022600570 

Instructions: (pc=0x00000000598cd9f3)
0x00000000598cd9d3:   7c 24 28 48 39 7b 08 74 0a 48 8d 4c 24 20 e8 9a
0x00000000598cd9e3:   63 11 00 48 8b 0e e8 f2 01 f1 ff 4c 8b c3 33 d2
0x00000000598cd9f3:   4c 8b 08 48 8b c8 41 ff 91 b0 00 00 00 48 8b f0
0x00000000598cda03:   48 39 7b 08 0f 84 9d 00 00 00 48 39 7c 24 28 74 


Register to memory mapping:

RAX=0x0000000000000000 is an unknown value
RBX=0x000000001d928000 is a thread
RCX=0x00000006c042ddd8 is an oop
java.lang.Object 
 - klass: 'java/lang/Object'
RDX=0x0000000000000000 is an unknown value
RSP=0x000000001fd3ec50 is pointing into the stack for thread: 0x000000001d928000
RBP=0x00000000211f5c30 is an unknown value
RSI=0x0000000001d86858 is a global jni handle
RDI=0x0000000000000000 is an unknown value
R8 =0x000000001d928000 is a thread
R9 =0x0000000000000000 is an unknown value
R10=0x0000000059eeaaa0 is an unknown value
R11=0x000000076b216e10 is an oop

[error occurred during error reporting (printing register info), id 0xc0000005]

Stack: [0x000000001fc40000,0x000000001fd40000],  sp=0x000000001fd3ec50,  free space=1019k
Native frames: (J=compiled Java code, j=interpreted, Vv=VM code, C=native code)
V  [jvm.dll+0x14d9f3]
C  [awt.dll+0x91d88]
C  [awt.dll+0x952ca]
C  [awt.dll+0x9451b]
C  [awt.dll+0xd3bf1]
C  [awt.dll+0xa8657]
C  [awt.dll+0x9abec]
C  [awt.dll+0x90842]
C  [USER32.dll+0x19bd1]
C  [USER32.dll+0x13bfc]
C  [USER32.dll+0x13b78]
C  [awt.dll+0x150d4]
C  [COMCTL32.dll+0x269a0]
C  [COMCTL32.dll+0x26877]
C  [USER32.dll+0x19bd1]
C  [USER32.dll+0x198da]
C  [awt.dll+0xcc7ec]
C  [awt.dll+0xcca9b]
C  0x0000000002805b74

Java frames: (J=compiled Java code, j=interpreted, Vv=VM code)
j  sun.awt.windows.WToolkit.eventLoop()V+0
j  sun.awt.windows.WToolkit.run()V+58
j  java.lang.Thread.run()V+11
v  ~StubRoutines::call_stub

---------------  P R O C E S S  ---------------

Java Threads: ( => current thread )
  0x000000001f5ea800 JavaThread "DestroyJavaVM" [_thread_blocked, id=6720, stack(0x00000000026f0000,0x00000000027f0000)]
  0x000000001f5ea000 JavaThread "Java Sound Event Dispatcher" daemon [_thread_blocked, id=6224, stack(0x0000000029cd0000,0x0000000029dd0000)]
  0x000000001f5e7800 JavaThread "D3D Screen Updater" daemon [_thread_blocked, id=7132, stack(0x00000000282f0000,0x00000000283f0000)]
  0x000000001f5e7000 JavaThread "AWT-EventQueue-0" [_thread_blocked, id=3320, stack(0x0000000025630000,0x0000000025730000)]
  0x000000001f5e6000 JavaThread "TimerQueue" daemon [_thread_in_Java, id=7004, stack(0x0000000025b20000,0x0000000025c20000)]
=>0x000000001d928000 JavaThread "AWT-Windows" daemon [_thread_in_vm, id=6412, stack(0x000000001fc40000,0x000000001fd40000)]
  0x000000001f3ca000 JavaThread "AWT-Shutdown" [_thread_blocked, id=6312, stack(0x000000001fd80000,0x000000001fe80000)]
  0x000000001f3c9800 JavaThread "Java2D Disposer" daemon [_thread_blocked, id=5072, stack(0x000000001f1b0000,0x000000001f2b0000)]
  0x000000001d691000 JavaThread "Service Thread" daemon [_thread_blocked, id=5656, stack(0x000000001eeb0000,0x000000001efb0000)]
  0x000000001d63a000 JavaThread "C1 CompilerThread3" daemon [_thread_blocked, id=5152, stack(0x000000001f000000,0x000000001f100000)]
  0x000000001d621000 JavaThread "C2 CompilerThread2" daemon [_thread_blocked, id=3992, stack(0x000000001eab0000,0x000000001ebb0000)]
  0x000000001d608000 JavaThread "C2 CompilerThread1" daemon [_thread_blocked, id=6304, stack(0x000000001eda0000,0x000000001eea0000)]
  0x000000001d600800 JavaThread "C2 CompilerThread0" daemon [_thread_blocked, id=6568, stack(0x000000001ec50000,0x000000001ed50000)]
  0x000000001d5fd800 JavaThread "Attach Listener" daemon [_thread_blocked, id=6352, stack(0x000000001e990000,0x000000001ea90000)]
  0x000000001d5fb800 JavaThread "Signal Dispatcher" daemon [_thread_blocked, id=4228, stack(0x000000001e740000,0x000000001e840000)]
  0x0000000001d8b800 JavaThread "Finalizer" daemon [_thread_blocked, id=1200, stack(0x000000001e850000,0x000000001e950000)]
  0x000000001c532000 JavaThread "Reference Handler" daemon [_thread_blocked, id=5028, stack(0x000000001e4f0000,0x000000001e5f0000)]

Other Threads:
  0x000000001d5a3000 VMThread [stack: 0x000000001e640000,0x000000001e740000] [id=6632]
  0x000000001d6a6000 WatcherThread [stack: 0x000000001f2c0000,0x000000001f3c0000] [id=7024]

VM state:not at safepoint (normal execution)

VM Mutex/Monitor currently owned by a thread: None

Heap:
 PSYoungGen      total 31744K, used 19429K [0x000000076ac00000, 0x000000076d800000, 0x00000007c0000000)
  eden space 31232K, 61% used [0x000000076ac00000,0x000000076bee1708,0x000000076ca80000)
  from space 512K, 18% used [0x000000076d780000,0x000000076d798000,0x000000076d800000)
  to   space 512K, 0% used [0x000000076d700000,0x000000076d700000,0x000000076d780000)
 ParOldGen       total 175104K, used 17403K [0x00000006c0400000, 0x00000006caf00000, 0x000000076ac00000)
  object space 175104K, 9% used [0x00000006c0400000,0x00000006c14fed90,0x00000006caf00000)
 Metaspace       used 15054K, capacity 15222K, committed 15616K, reserved 1062912K
  class space    used 1930K, capacity 1969K, committed 2048K, reserved 1048576K

Card table byte_map: [0x0000000011bb0000,0x00000000123b0000] byte_map_base: 0x000000000e5ae000

Marking Bits: (ParMarkBitMap*) 0x0000000059f5b460
 Begin Bits: [0x0000000013370000, 0x0000000017360000)
 End Bits:   [0x0000000017360000, 0x000000001b350000)

Polling page: 0x0000000000120000

CodeCache: size=245760Kb used=7961Kb max_used=8209Kb free=237798Kb
 bounds [0x00000000027f0000, 0x0000000003050000, 0x00000000117f0000]
 total_blobs=2977 nmethods=2420 adapters=469
 compilation: enabled

Compilation events (10 events):
Event: 23.925 Thread 0x000000001d63a000 2849       3       sun.java2d.d3d.D3DSurfaceData$D3DWindowSurfaceData::getContext (5 bytes)
Event: 23.925 Thread 0x000000001d63a000 nmethod 2849 0x0000000002adfb90 code [0x0000000002adfd00, 0x0000000002adfed0]
Event: 24.105 Thread 0x000000001d63a000 2850       3       javax.swing.border.CompoundBorder::getBorderInsets (162 bytes)
Event: 24.105 Thread 0x000000001d63a000 nmethod 2850 0x00000000029501d0 code [0x00000000029503a0, 0x0000000002950c18]
Event: 24.620 Thread 0x000000001d608000 2851       4       java.io.DataInputStream::readChar (40 bytes)
Event: 24.621 Thread 0x000000001d63a000 2852       3       java.io.DataInputStream::readInt (72 bytes)
Event: 24.622 Thread 0x000000001d63a000 nmethod 2852 0x0000000002d93ad0 code [0x0000000002d93c80, 0x0000000002d941e8]
Event: 24.623 Thread 0x000000001d608000 nmethod 2851 0x0000000002a65890 code [0x0000000002a65a20, 0x0000000002a66378]
Event: 24.743 Thread 0x000000001d63a000 2853       3       java.lang.Class::arrayContentsEq (70 bytes)
Event: 24.743 Thread 0x000000001d63a000 nmethod 2853 0x0000000002d67710 code [0x0000000002d678a0, 0x0000000002d67cf0]

GC Heap History (10 events):
Event: 24.199 GC heap before
{Heap before GC invocations=92 (full 0):
 PSYoungGen      total 31744K, used 31296K [0x000000076ac00000, 0x000000076d800000, 0x00000007c0000000)
  eden space 31232K, 100% used [0x000000076ac00000,0x000000076ca80000,0x000000076ca80000)
  from space 512K, 12% used [0x000000076d700000,0x000000076d710000,0x000000076d780000)
  to   space 512K, 0% used [0x000000076d780000,0x000000076d780000,0x000000076d800000)
 ParOldGen       total 175104K, used 17173K [0x00000006c0400000, 0x00000006caf00000, 0x000000076ac00000)
  object space 175104K, 9% used [0x00000006c0400000,0x00000006c14c55a0,0x00000006caf00000)
 Metaspace       used 14967K, capacity 15158K, committed 15360K, reserved 1062912K
  class space    used 1914K, capacity 1969K, committed 2048K, reserved 1048576K
Event: 24.200 GC heap after
Heap after GC invocations=92 (full 0):
 PSYoungGen      total 31744K, used 96K [0x000000076ac00000, 0x000000076d800000, 0x00000007c0000000)
  eden space 31232K, 0% used [0x000000076ac00000,0x000000076ac00000,0x000000076ca80000)
  from space 512K, 18% used [0x000000076d780000,0x000000076d798000,0x000000076d800000)
  to   space 512K, 0% used [0x000000076d700000,0x000000076d700000,0x000000076d780000)
 ParOldGen       total 175104K, used 17181K [0x00000006c0400000, 0x00000006caf00000, 0x000000076ac00000)
  object space 175104K, 9% used [0x00000006c0400000,0x00000006c14c75a0,0x00000006caf00000)
 Metaspace       used 14967K, capacity 15158K, committed 15360K, reserved 1062912K
  class space    used 1914K, capacity 1969K, committed 2048K, reserved 1048576K
}
Event: 24.405 GC heap before
{Heap before GC invocations=93 (full 0):
 PSYoungGen      total 31744K, used 31328K [0x000000076ac00000, 0x000000076d800000, 0x00000007c0000000)
  eden space 31232K, 100% used [0x000000076ac00000,0x000000076ca80000,0x000000076ca80000)
  from space 512K, 18% used [0x000000076d780000,0x000000076d798000,0x000000076d800000)
  to   space 512K, 0% used [0x000000076d700000,0x000000076d700000,0x000000076d780000)
 ParOldGen       total 175104K, used 17181K [0x00000006c0400000, 0x00000006caf00000, 0x000000076ac00000)
  object space 175104K, 9% used [0x00000006c0400000,0x00000006c14c75a0,0x00000006caf00000)
 Metaspace       used 14967K, capacity 15158K, committed 15360K, reserved 1062912K
  class space    used 1914K, capacity 1969K, committed 2048K, reserved 1048576K
Event: 24.405 GC heap after
Heap after GC invocations=93 (full 0):
 PSYoungGen      total 31744K, used 128K [0x000000076ac00000, 0x000000076d800000, 0x00000007c0000000)
  eden space 31232K, 0% used [0x000000076ac00000,0x000000076ac00000,0x000000076ca80000)
  from space 512K, 25% used [0x000000076d700000,0x000000076d720000,0x000000076d780000)
  to   space 512K, 0% used [0x000000076d780000,0x000000076d780000,0x000000076d800000)
 ParOldGen       total 175104K, used 17189K [0x00000006c0400000, 0x00000006caf00000, 0x000000076ac00000)
  object space 175104K, 9% used [0x00000006c0400000,0x00000006c14c95a0,0x00000006caf00000)
 Metaspace       used 14967K, capacity 15158K, committed 15360K, reserved 1062912K
  class space    used 1914K, capacity 1969K, committed 2048K, reserved 1048576K
}
Event: 24.591 GC heap before
{Heap before GC invocations=94 (full 0):
 PSYoungGen      total 31744K, used 31360K [0x000000076ac00000, 0x000000076d800000, 0x00000007c0000000)
  eden space 31232K, 100% used [0x000000076ac00000,0x000000076ca80000,0x000000076ca80000)
  from space 512K, 25% used [0x000000076d700000,0x000000076d720000,0x000000076d780000)
  to   space 512K, 0% used [0x000000076d780000,0x000000076d780000,0x000000076d800000)
 ParOldGen       total 175104K, used 17189K [0x00000006c0400000, 0x00000006caf00000, 0x000000076ac00000)
  object space 175104K, 9% used [0x00000006c0400000,0x00000006c14c95a0,0x00000006caf00000)
 Metaspace       used 14967K, capacity 15158K, committed 15360K, reserved 1062912K
  class space    used 1914K, capacity 1969K, committed 2048K, reserved 1048576K
Event: 24.592 GC heap after
Heap after GC invocations=94 (full 0):
 PSYoungGen      total 31744K, used 96K [0x000000076ac00000, 0x000000076d800000, 0x00000007c0000000)
  eden space 31232K, 0% used [0x000000076ac00000,0x000000076ac00000,0x000000076ca80000)
  from space 512K, 18% used [0x000000076d780000,0x000000076d798000,0x000000076d800000)
  to   space 512K, 0% used [0x000000076d700000,0x000000076d700000,0x000000076d780000)
 ParOldGen       total 175104K, used 17205K [0x00000006c0400000, 0x00000006caf00000, 0x000000076ac00000)
  object space 175104K, 9% used [0x00000006c0400000,0x00000006c14cd5a0,0x00000006caf00000)
 Metaspace       used 14967K, capacity 15158K, committed 15360K, reserved 1062912K
  class space    used 1914K, capacity 1969K, committed 2048K, reserved 1048576K
}
Event: 24.780 GC heap before
{Heap before GC invocations=95 (full 0):
 PSYoungGen      total 31744K, used 31328K [0x000000076ac00000, 0x000000076d800000, 0x00000007c0000000)
  eden space 31232K, 100% used [0x000000076ac00000,0x000000076ca80000,0x000000076ca80000)
  from space 512K, 18% used [0x000000076d780000,0x000000076d798000,0x000000076d800000)
  to   space 512K, 0% used [0x000000076d700000,0x000000076d700000,0x000000076d780000)
 ParOldGen       total 175104K, used 17205K [0x00000006c0400000, 0x00000006caf00000, 0x000000076ac00000)
  object space 175104K, 9% used [0x00000006c0400000,0x00000006c14cd5a0,0x00000006caf00000)
 Metaspace       used 15054K, capacity 15222K, committed 15616K, reserved 1062912K
  class space    used 1930K, capacity 1969K, committed 2048K, reserved 1048576K
Event: 24.781 GC heap after
Heap after GC invocations=95 (full 0):
 PSYoungGen      total 31744K, used 343K [0x000000076ac00000, 0x000000076d800000, 0x00000007c0000000)
  eden space 31232K, 0% used [0x000000076ac00000,0x000000076ac00000,0x000000076ca80000)
  from space 512K, 67% used [0x000000076d700000,0x000000076d755ec8,0x000000076d780000)
  to   space 512K, 0% used [0x000000076d780000,0x000000076d780000,0x000000076d800000)
 ParOldGen       total 175104K, used 17205K [0x00000006c0400000, 0x00000006caf00000, 0x000000076ac00000)
  object space 175104K, 9% used [0x00000006c0400000,0x00000006c14cd5a0,0x00000006caf00000)
 Metaspace       used 15054K, capacity 15222K, committed 15616K, reserved 1062912K
  class space    used 1930K, capacity 1969K, committed 2048K, reserved 1048576K
}
Event: 24.970 GC heap before
{Heap before GC invocations=96 (full 0):
 PSYoungGen      total 31744K, used 31575K [0x000000076ac00000, 0x000000076d800000, 0x00000007c0000000)
  eden space 31232K, 100% used [0x000000076ac00000,0x000000076ca80000,0x000000076ca80000)
  from space 512K, 67% used [0x000000076d700000,0x000000076d755ec8,0x000000076d780000)
  to   space 512K, 0% used [0x000000076d780000,0x000000076d780000,0x000000076d800000)
 ParOldGen       total 175104K, used 17205K [0x00000006c0400000, 0x00000006caf00000, 0x000000076ac00000)
  object space 175104K, 9% used [0x00000006c0400000,0x00000006c14cd5a0,0x00000006caf00000)
 Metaspace       used 15054K, capacity 15222K, committed 15616K, reserved 1062912K
  class space    used 1930K, capacity 1969K, committed 2048K, reserved 1048576K
Event: 24.970 GC heap after
Heap after GC invocations=96 (full 0):
 PSYoungGen      total 31744K, used 96K [0x000000076ac00000, 0x000000076d800000, 0x00000007c0000000)
  eden space 31232K, 0% used [0x000000076ac00000,0x000000076ac00000,0x000000076ca80000)
  from space 512K, 18% used [0x000000076d780000,0x000000076d798000,0x000000076d800000)
  to   space 512K, 0% used [0x000000076d700000,0x000000076d700000,0x000000076d780000)
 ParOldGen       total 175104K, used 17403K [0x00000006c0400000, 0x00000006caf00000, 0x000000076ac00000)
  object space 175104K, 9% used [0x00000006c0400000,0x00000006c14fed90,0x00000006caf00000)
 Metaspace       used 15054K, capacity 15222K, committed 15616K, reserved 1062912K
  class space    used 1930K, capacity 1969K, committed 2048K, reserved 1048576K
}

Deoptimization events (10 events):
Event: 15.936 Thread 0x000000001f5e7000 Uncommon trap: reason=class_check action=maybe_recompile pc=0x00000000029dc250 method=java.awt.ModalEventFilter.acceptEvent(Ljava/awt/AWTEvent;)Ljava/awt/EventFilter$FilterAction; @ 77
Event: 16.279 Thread 0x000000001f5e7000 Uncommon trap: reason=class_check action=maybe_recompile pc=0x0000000002de6a50 method=java.awt.EventQueue.setCurrentEventAndMostRecentTimeImpl(Ljava/awt/AWTEvent;)V @ 53
Event: 17.254 Thread 0x000000001f5e7000 Uncommon trap: reason=class_check action=maybe_recompile pc=0x0000000002c2efd4 method=java.awt.EventQueue.setCurrentEventAndMostRecentTimeImpl(Ljava/awt/AWTEvent;)V @ 135
Event: 18.861 Thread 0x000000001f5e7000 Uncommon trap: reason=class_check action=maybe_recompile pc=0x00000000029dc250 method=java.awt.ModalEventFilter.acceptEvent(Ljava/awt/AWTEvent;)Ljava/awt/EventFilter$FilterAction; @ 77
Event: 18.862 Thread 0x000000001f5e7000 Uncommon trap: reason=class_check action=maybe_recompile pc=0x0000000002c212d8 method=java.awt.ModalEventFilter.acceptEvent(Ljava/awt/AWTEvent;)Ljava/awt/EventFilter$FilterAction; @ 77
Event: 24.635 Thread 0x000000001f5e7000 Uncommon trap: reason=unreached action=reinterpret pc=0x0000000002aef848 method=java.lang.ThreadLocal$ThreadLocalMap.getEntry(Ljava/lang/ThreadLocal;)Ljava/lang/ThreadLocal$ThreadLocalMap$Entry; @ 21
Event: 24.636 Thread 0x000000001f5e7000 Uncommon trap: reason=unreached action=reinterpret pc=0x0000000002cddae4 method=sun.font.FontStrikeDesc.getAAHintIntVal(Ljava/lang/Object;Lsun/font/Font2D;I)I @ 20
Event: 24.636 Thread 0x000000001f5e7000 Uncommon trap: reason=class_check action=maybe_recompile pc=0x0000000002d1c5ec method=sun.java2d.pipe.ValidatePipe.draw(Lsun/java2d/SunGraphics2D;Ljava/awt/Shape;)V @ 14
Event: 24.636 Thread 0x000000001f5e7000 Uncommon trap: reason=unreached action=reinterpret pc=0x0000000002da5abc method=sun.java2d.pipe.PixelToParallelogramConverter.draw(Lsun/java2d/SunGraphics2D;Ljava/awt/Shape;)V @ 112
Event: 24.639 Thread 0x000000001f5e7000 Uncommon trap: reason=class_check action=maybe_recompile pc=0x0000000002d1c5ec method=sun.java2d.pipe.ValidatePipe.draw(Lsun/java2d/SunGraphics2D;Ljava/awt/Shape;)V @ 14

Internal exceptions (10 events):
Event: 1.481 Thread 0x000000001f5e7000 Exception <a 'java/security/PrivilegedActionException'> (0x000000076ca9f050) thrown at [D:\re\workspace\8-2-build-windows-amd64-cygwin\jdk8u20\1074\hotspot\src\share\vm\prims\jvm.cpp, line 1275]
Event: 7.899 Thread 0x000000001f5e7000 Exception <a 'java/security/PrivilegedActionException'> (0x000000076be35478) thrown at [D:\re\workspace\8-2-build-windows-amd64-cygwin\jdk8u20\1074\hotspot\src\share\vm\prims\jvm.cpp, line 1275]
Event: 7.969 Thread 0x000000001f5e7000 Implicit null exception at 0x0000000002eea1f3 to 0x0000000002eea2a1
Event: 7.969 Thread 0x000000001f5e7000 Implicit null exception at 0x0000000002a456f4 to 0x0000000002a45769
Event: 7.970 Thread 0x000000001f5e7000 Exception <a 'java/lang/NullPointerException'> (0x000000076c8d6170) thrown at [D:\re\workspace\8-2-build-windows-amd64-cygwin\jdk8u20\1074\hotspot\src\share\vm\interpreter\linkResolver.cpp, line 1166]
Event: 9.491 Thread 0x000000001f5e7000 Exception <a 'java/security/PrivilegedActionException'> (0x000000076d3f19f0) thrown at [D:\re\workspace\8-2-build-windows-amd64-cygwin\jdk8u20\1074\hotspot\src\share\vm\prims\jvm.cpp, line 1275]
Event: 9.494 Thread 0x000000001f5e7000 Exception <a 'java/security/PrivilegedActionException'> (0x000000076d4c79a8) thrown at [D:\re\workspace\8-2-build-windows-amd64-cygwin\jdk8u20\1074\hotspot\src\share\vm\prims\jvm.cpp, line 1275]
Event: 9.953 Thread 0x000000001f5e7000 Exception <a 'java/security/PrivilegedActionException'> (0x000000076c2e7140) thrown at [D:\re\workspace\8-2-build-windows-amd64-cygwin\jdk8u20\1074\hotspot\src\share\vm\prims\jvm.cpp, line 1275]
Event: 13.053 Thread 0x000000001f5e7000 Exception <a 'java/security/PrivilegedActionException'> (0x000000076bf93a90) thrown at [D:\re\workspace\8-2-build-windows-amd64-cygwin\jdk8u20\1074\hotspot\src\share\vm\prims\jvm.cpp, line 1275]
Event: 24.635 Thread 0x000000001f5e7000 Implicit null exception at 0x0000000002aeba1a to 0x0000000002aef839

Events (10 events):
Event: 24.636 loading class sun/java2d/pipe/SpanIterator done
Event: 24.636 loading class sun/java2d/pipe/ShapeSpanIterator done
Event: 24.639 Thread 0x000000001f5e7000 Uncommon trap: trap_request=0xffffffde fr.pc=0x0000000002d1c5ec
Event: 24.639 Thread 0x000000001f5e7000 DEOPT PACKING pc=0x0000000002d1c5ec sp=0x0000000025728d70
Event: 24.639 Thread 0x000000001f5e7000 DEOPT UNPACKING pc=0x000000000283556a sp=0x0000000025728cd8 mode 2
Event: 24.743 Thread 0x000000001d63a000 flushing nmethod 0x0000000002ae88d0
Event: 24.780 Executing VM operation: ParallelGCFailedAllocation
Event: 24.781 Executing VM operation: ParallelGCFailedAllocation done
Event: 24.970 Executing VM operation: ParallelGCFailedAllocation
Event: 24.970 Executing VM operation: ParallelGCFailedAllocation done


Dynamic libraries:
0x000000013f670000 - 0x000000013f6a4000 	C:\Program Files\Java\jre1.8.0_20\bin\javaw.exe
0x0000000077400000 - 0x00000000775a9000 	C:\Windows\SYSTEM32\ntdll.dll
0x00000000772e0000 - 0x00000000773ff000 	C:\Windows\system32\kernel32.dll
0x000007fefd470000 - 0x000007fefd4dc000 	C:\Windows\system32\KERNELBASE.dll
0x000007fefd9f0000 - 0x000007fefdacb000 	C:\Windows\system32\ADVAPI32.dll
0x000007fefe1c0000 - 0x000007fefe25f000 	C:\Windows\system32\msvcrt.dll
0x000007fefdfb0000 - 0x000007fefdfcf000 	C:\Windows\SYSTEM32\sechost.dll
0x000007fefdad0000 - 0x000007fefdbfd000 	C:\Windows\system32\RPCRT4.dll
0x00000000771e0000 - 0x00000000772da000 	C:\Windows\system32\USER32.dll
0x000007fefe040000 - 0x000007fefe0a7000 	C:\Windows\system32\GDI32.dll
0x000007fefe0d0000 - 0x000007fefe0de000 	C:\Windows\system32\LPK.dll
0x000007fefe3d0000 - 0x000007fefe499000 	C:\Windows\system32\USP10.dll
0x000007fefbab0000 - 0x000007fefbca4000 	C:\Windows\WinSxS\amd64_microsoft.windows.common-controls_6595b64144ccf1df_6.0.7601.17514_none_fa396087175ac9ac\COMCTL32.dll
0x000007fefdc00000 - 0x000007fefdc71000 	C:\Windows\system32\SHLWAPI.dll
0x000007feff5d0000 - 0x000007feff5fe000 	C:\Windows\system32\IMM32.DLL
0x000007feff600000 - 0x000007feff709000 	C:\Windows\system32\MSCTF.dll
0x000000005b800000 - 0x000000005b8d2000 	C:\Program Files\Java\jre1.8.0_20\bin\msvcr100.dll
0x0000000059780000 - 0x0000000059fd8000 	C:\Program Files\Java\jre1.8.0_20\bin\server\jvm.dll
0x000007feea280000 - 0x000007feea289000 	C:\Windows\system32\WSOCK32.dll
0x000007fefe4a0000 - 0x000007fefe4ed000 	C:\Windows\system32\WS2_32.dll
0x000007fefdfd0000 - 0x000007fefdfd8000 	C:\Windows\system32\NSI.dll
0x000007fefb1d0000 - 0x000007fefb20b000 	C:\Windows\system32\WINMM.dll
0x00000000775d0000 - 0x00000000775d7000 	C:\Windows\system32\PSAPI.DLL
0x00000000611c0000 - 0x00000000611cf000 	C:\Program Files\Java\jre1.8.0_20\bin\verify.dll
0x000000005b990000 - 0x000000005b9b8000 	C:\Program Files\Java\jre1.8.0_20\bin\java.dll
0x000000005b970000 - 0x000000005b986000 	C:\Program Files\Java\jre1.8.0_20\bin\zip.dll
0x000007fefe840000 - 0x000007feff5c8000 	C:\Windows\system32\SHELL32.dll
0x000007fefe590000 - 0x000007fefe793000 	C:\Windows\system32\ole32.dll
0x000007fefd210000 - 0x000007fefd21f000 	C:\Windows\system32\profapi.dll
0x000000005b660000 - 0x000000005b7f8000 	C:\Program Files\Java\jre1.8.0_20\bin\awt.dll
0x000007fefe0e0000 - 0x000007fefe1b7000 	C:\Windows\system32\OLEAUT32.dll
0x000007fefb7a0000 - 0x000007fefb7f6000 	C:\Windows\system32\uxtheme.dll
0x000007fefd050000 - 0x000007fefd0a7000 	C:\Windows\system32\apphelp.dll
0x000007fef1ab0000 - 0x000007fef1c9f000 	C:\Windows\system32\GIMEJA.IME
0x000007fef1980000 - 0x000007fef1aa5000 	C:\Windows\system32\dbghelp.dll
0x000007fefb170000 - 0x000007fefb188000 	C:\Windows\system32\dwmapi.dll
0x000007fefd0b0000 - 0x000007fefd0bf000 	C:\Windows\system32\CRYPTBASE.dll
0x000000005bbe0000 - 0x000000005bc0a000 	C:\Program Files\Java\jre1.8.0_20\bin\dcpr.dll
0x000000005bb90000 - 0x000000005bbd7000 	C:\Program Files\Java\jre1.8.0_20\bin\fontmanager.dll
0x000000005b950000 - 0x000000005b96a000 	C:\Program Files\Java\jre1.8.0_20\bin\net.dll
0x000007fefc9b0000 - 0x000007fefca05000 	C:\Windows\system32\mswsock.dll
0x000007fefc9a0000 - 0x000007fefc9a7000 	C:\Windows\System32\wship6.dll
0x000000005b930000 - 0x000000005b941000 	C:\Program Files\Java\jre1.8.0_20\bin\nio.dll
0x000000005bb40000 - 0x000000005bb81000 	C:\Program Files\Java\jre1.8.0_20\bin\t2k.dll
0x000007fef5790000 - 0x000007fef598f000 	C:\Windows\system32\d3d9.dll
0x000007fefc2e0000 - 0x000007fefc2ec000 	C:\Windows\system32\VERSION.dll
0x000007fef5780000 - 0x000007fef5787000 	C:\Windows\system32\d3d8thk.dll
0x000007fee1a20000 - 0x000007fee2ad6000 	C:\Windows\system32\nvd3dumx.dll
0x0000000180000000 - 0x0000000180142000 	C:\Windows\system32\nvspcap64.dll
0x000007fefd2d0000 - 0x000007fefd43c000 	C:\Windows\system32\CRYPT32.dll
0x000007fefd220000 - 0x000007fefd22f000 	C:\Windows\system32\MSASN1.dll
0x000007fef9b80000 - 0x000007fef9eb3000 	C:\Windows\system32\nvapi64.dll
0x000007fefd810000 - 0x000007fefd9e7000 	C:\Windows\system32\SETUPAPI.dll
0x000007fefd580000 - 0x000007fefd5b6000 	C:\Windows\system32\CFGMGR32.dll
0x000007fefd450000 - 0x000007fefd46a000 	C:\Windows\system32\DEVOBJ.dll
0x000007fefbd00000 - 0x000007fefbd2c000 	C:\Windows\system32\powrprof.dll
0x000007fee59e0000 - 0x000007fee5b4a000 	C:\Program Files (x86)\NVIDIA Corporation\3D Vision\nvSCPAPI64.dll
0x000007fef5d90000 - 0x000007fef5da4000 	C:\Program Files\CLaunch\ClHook.dll
0x000007fefe4f0000 - 0x000007fefe589000 	C:\Windows\system32\CLBCatQ.DLL
0x000007fefa7b0000 - 0x000007fefa911000 	C:\Windows\system32\WindowsCodecs.dll
0x000007fef0ba0000 - 0x000007fef0dde000 	C:\PROGRA~1\MICROS~1\Office15\GROOVEEX.DLL
0x000000006ff20000 - 0x000000006ffb8000 	C:\Windows\system32\MSVCP100.dll
0x0000000071020000 - 0x000000007104b000 	C:\Windows\system32\ATL100.DLL
0x000007fef0750000 - 0x000007fef0a6d000 	C:\Windows\system32\msi.dll
0x000007feef9e0000 - 0x000007fef0247000 	C:\PROGRA~1\MICROS~1\Office15\1041\GrooveIntlResource.dll
0x000007fef12e0000 - 0x000007fef130b000 	C:\Users\sakailab\AppData\Roaming\Dropbox\bin\DropboxExt64.24.dll
0x000000006fbb0000 - 0x000000006fc83000 	C:\Windows\WinSxS\amd64_microsoft.vc90.crt_1fc8b3b9a1e18e3b_9.0.30729.4940_none_08e4299fa83d7e3c\MSVCP90.dll
0x000000006f7b0000 - 0x000000006f84d000 	C:\Windows\WinSxS\amd64_microsoft.vc90.crt_1fc8b3b9a1e18e3b_9.0.30729.4940_none_08e4299fa83d7e3c\MSVCR90.dll
0x000000006fba0000 - 0x000000006fbac000 	C:\Program Files\Java\jre1.8.0_20\bin\jsound.dll
0x000000006fb90000 - 0x000000006fb9b000 	C:\Program Files\Java\jre1.8.0_20\bin\jsoundds.dll
0x000007fee82d0000 - 0x000007fee8358000 	C:\Windows\system32\DSOUND.dll
0x000007fefbcb0000 - 0x000007fefbcfb000 	C:\Windows\system32\MMDevAPI.DLL
0x000007fefb980000 - 0x000007fefbaac000 	C:\Windows\system32\PROPSYS.dll
0x000007fee8760000 - 0x000007fee879b000 	C:\Windows\system32\wdmaud.drv
0x0000000074e30000 - 0x0000000074e36000 	C:\Windows\system32\ksuser.dll
0x000007fefb970000 - 0x000007fefb979000 	C:\Windows\system32\AVRT.dll
0x000007fefb0e0000 - 0x000007fefb12f000 	C:\Windows\system32\AUDIOSES.DLL
0x000007fef4860000 - 0x000007fef486a000 	C:\Windows\system32\msacm32.drv
0x000007fef4840000 - 0x000007fef4858000 	C:\Windows\system32\MSACM32.dll
0x000007fef4830000 - 0x000007fef4839000 	C:\Windows\system32\midimap.dll

VM Arguments:
jvm_args: -Dfile.encoding=MS932 
java_command: jaist.css.covis.CoVisWindow
java_class_path (initial): D:\SourceTree\AnchorGarden\AnchorGarden\bin;D:\SourceTree\AnchorGarden\common-miura\bin;D:\SourceTree\AnchorGarden\common-miura\jlfgr-1_0.jar;D:\SourceTree\AnchorGarden\common-miura\commons-codec-1.3.jar;D:\SourceTree\AnchorGarden\common-miura\commons-httpclient-3.0.1.jar;D:\SourceTree\AnchorGarden\common-miura\commons-logging-1.1.jar;D:\SourceTree\AnchorGarden\common-miura\log4j-1.2.14.jar;D:\SourceTree\AnchorGarden\common-miura\iText-2.1.4.jar;D:\SourceTree\AnchorGarden\Piccolo\bin;D:\SourceTree\AnchorGarden\Piccolo\ant.jar;D:\SourceTree\AnchorGarden\Piccolo\junit.jar;D:\SourceTree\AnchorGarden\Piccolo\swt.jar;D:\‘²Œ¤\AnchorGarden\common-miura\commons-codec-1.3.jar;D:\‘²Œ¤\AnchorGarden\common-miura\commons-httpclient-3.0.1.jar;D:\‘²Œ¤\AnchorGarden\common-miura\commons-logging-1.1.jar;D:\‘²Œ¤\AnchorGarden\common-miura\jlfgr-1_0.jar;D:\‘²Œ¤\AnchorGarden\common-miura\log4j-1.2.14.jar;D:\‘²Œ¤\AnchorGarden\common-miura\iText-2.1.4.jar
Launcher Type: SUN_STANDARD

Environment Variables:
PATH=C:\ProgramData\Oracle\Java\javapath;C:\Program Files (x86)\NVIDIA Corporation\PhysX\Common;C:\Windows\system32;C:\Windows;C:\Windows\System32\Wbem;C:\Windows\System32\WindowsPowerShell\v1.0\;C:\w32tex\bin;C:\Program Files (x86)\gs\gs9.14\bin;C:\Program Files (x86)\gs\gs9.14\lib;
USERNAME=sakailab
OS=Windows_NT
PROCESSOR_IDENTIFIER=Intel64 Family 6 Model 42 Stepping 7, GenuineIntel



---------------  S Y S T E M  ---------------

OS: Windows 7 , 64 bit Build 7601 Service Pack 1

CPU:total 8 (4 cores per cpu, 2 threads per core) family 6 model 42 stepping 7, cmov, cx8, fxsr, mmx, sse, sse2, sse3, ssse3, sse4.1, sse4.2, popcnt, avx, aes, clmul, ht, tsc, tscinvbit

Memory: 4k page, physical 16759412k(12917620k free), swap 33516960k(29124880k free)

vm_info: Java HotSpot(TM) 64-Bit Server VM (25.20-b23) for windows-amd64 JRE (1.8.0_20-b26), built on Jul 30 2014 13:51:23 by "java_re" with MS VC++ 10.0 (VS2010)

time: Fri Sep 05 16:31:47 2014
elapsed time: 25 seconds (0d 0h 0m 25s)

